Agent/android/app/build/outputs/mapping/release/seeds.txt
com.oamanager.agent.android.worker.HeartbeatWorker$checkVersion$1
com.oamanager.agent.platform.SystemInfoCollector$getMacAddress$1
com.oamanager.agent.android.worker.HeartbeatWorker$Companion
com.oamanager.agent.android.ui.SetupViewModel$verifyUser$1
com.oamanager.agent.android.receiver.BootReceiver
com.oamanager.agent.network.SupabaseClient$client$1$1
com.oamanager.agent.network.TokenStorage
com.oamanager.agent.android.ui.SetupViewModel$confirmAssignment$1
com.oamanager.agent.android.service.HeartbeatForegroundService
com.oamanager.agent.android.service.HeartbeatForegroundService$startHeartbeatTimer$2
com.oamanager.agent.android.service.HeartbeatForegroundService$Companion
com.oamanager.agent.network.RealtimeManager$connect$1
com.oamanager.agent.network.SupabaseClient$json$1
com.oamanager.agent.network.RealtimeManager$startPhoenixHeartbeat$1
com.oamanager.agent.network.UnauthorizedException
com.oamanager.agent.model.HeartbeatPayload
com.oamanager.agent.network.SupabaseClient$refreshToken$1
com.oamanager.agent.android.ui.SetupViewModel$checkAssignmentStatus$1
com.oamanager.agent.android.data.AgentPreferences
com.oamanager.agent.network.SupabaseClient
com.oamanager.agent.R$color
com.oamanager.agent.shared.R
com.oamanager.agent.android.ui.SetupActivity$observeState$1$1
com.oamanager.agent.network.SupabaseClient$confirmAssignment$1
com.oamanager.agent.network.AuthResponse$$serializer
com.oamanager.agent.android.OAAgentApp
com.oamanager.agent.android.service.HeartbeatForegroundService$startRealtimeConnection$1$1
com.oamanager.agent.network.AuthResponse
com.oamanager.agent.android.receiver.BootReceiver$Companion
com.oamanager.agent.network.SupabaseClient$verifyUser$1
com.oamanager.agent.android.ui.SetupActivity$observeState$1
com.oamanager.agent.network.SupabaseClient$updateHeartbeat$1
com.oamanager.agent.network.AuthManager
com.oamanager.agent.android.ui.SetupViewModel$fetchServerInterval$1
com.oamanager.agent.network.RealtimeManager$json$1
com.oamanager.agent.android.service.HeartbeatForegroundService$onDestroy$2
com.oamanager.agent.android.ui.SetupViewModel$UiState
com.oamanager.agent.network.RealtimeManager$disconnect$1
com.oamanager.agent.network.AuthResponse$Companion
com.oamanager.agent.android.service.HeartbeatForegroundService$startRealtimeConnection$1$1$1
com.oamanager.agent.network.RealtimeManager$reconnectWithBackoff$1
com.oamanager.agent.network.RealtimeManager$ConnectionState
com.oamanager.agent.R$id
com.oamanager.agent.network.RealtimeManager
com.oamanager.agent.network.RealtimeManager$connect$2
com.oamanager.agent.android.ui.SetupActivity$special$$inlined$viewModels$default$2
com.oamanager.agent.android.ui.SetupActivity
com.oamanager.agent.R$drawable
com.oamanager.agent.model.SystemInfo$Companion
com.oamanager.agent.network.SupabaseClient$getAssetAssignment$1
com.oamanager.agent.android.ui.SetupViewModel$sendNow$1
com.oamanager.agent.android.data.AgentPreferences$Companion
com.oamanager.agent.model.SystemInfo
com.oamanager.agent.network.SupabaseClient$getAgentSettings$1
com.oamanager.agent.network.RealtimeManager$joinPresence$1
com.oamanager.agent.R
com.oamanager.agent.android.ui.SetupActivity$special$$inlined$viewModels$default$1
com.oamanager.agent.R$string
com.oamanager.agent.android.service.HeartbeatForegroundService$startRealtimeConnection$1
com.oamanager.agent.network.RealtimeManager$startReceiveLoop$1
com.oamanager.agent.platform.SystemInfoCollector
com.oamanager.agent.network.RealtimeManager$joinCommandChannel$1
com.oamanager.agent.model.HeartbeatPayload$$serializer
com.oamanager.agent.network.RealtimeManager$client$1
com.oamanager.agent.network.SupabaseClient$signIn$1
com.oamanager.agent.android.ui.TestActivity
com.oamanager.agent.R$layout
com.oamanager.agent.network.RealtimeManager$joinAlertChannel$1
com.oamanager.agent.network.AuthManager$getValidToken$1
com.oamanager.agent.android.service.HeartbeatForegroundService$sendHeartbeat$1
...
kotlinx.coroutines.internal.ThreadContextKt: kotlin.jvm.functions.Function2 findOne
io.ktor.util.ByteChannelsKt$copyToBoth$1: int I$0
io.ktor.client.plugins.BodyProgress$handle$1: java.lang.Object L$0
io.ktor.utils.io.core.DefaultBufferPool: int bufferSize
com.google.crypto.tink.proto.EncryptedKeyset: com.google.crypto.tink.proto.KeysetInfo keysetInfo_
androidx.work.impl.WorkerWrapper$Builder: androidx.work.impl.WorkDatabase mWorkDatabase
androidx.security.crypto.MasterKeys: android.security.keystore.KeyGenParameterSpec AES256_GCM_SPEC
androidx.work.impl.Migration_7_8: androidx.work.impl.Migration_7_8 INSTANCE
io.ktor.client.engine.okhttp.OkHttpEngineKt$convertToOkHttpBody$3: kotlin.coroutines.CoroutineContext $callContext
io.ktor.client.plugins.HttpRequestRetry$Configuration$noRetry$2: io.ktor.client.plugins.HttpRequestRetry$Configuration$noRetry$2 INSTANCE
androidx.work.impl.WorkManagerImpl: androidx.work.multiprocess.RemoteWorkManager mRemoteWorkManager
io.ktor.utils.io.pool.ByteArrayPoolKt: io.ktor.utils.io.pool.ObjectPool ByteArrayPool
androidx.work.impl.utils.StatusRunnable$4: androidx.work.impl.WorkManagerImpl val$workManager
io.ktor.client.plugins.cache.storage.HttpCacheStorageKt$store$4: java.lang.Object L$0
io.ktor.client.plugins.cache.storage.CachedResponseData: io.ktor.http.HttpStatusCode statusCode
com.google.crypto.tink.proto.KmsAeadKeyFormat: java.lang.String keyUri_
io.ktor.util.date.Month: io.ktor.util.date.Month DECEMBER
io.ktor.serialization.kotlinx.json.KotlinxSerializationJsonExtensions$deserialize$1: int label
kotlinx.serialization.json.internal.JsonIteratorArrayWrapped: kotlinx.serialization.DeserializationStrategy deserializer
kotlinx.serialization.json.JsonBuilder: boolean allowStructuredMapKeys
io.ktor.client.plugins.HttpRedirect$Plugin$handleCall$1: java.lang.Object result
io.ktor.client.plugins.cache.storage.FileCacheStorage$writeCache$3: java.lang.Object L$1
androidx.lifecycle.CoroutineLiveData$1: androidx.lifecycle.CoroutineLiveData this$0
androidx.lifecycle.DispatchQueue: boolean finished
io.ktor.utils.io.ByteBufferChannel$writeWhileSuspend$1: java.lang.Object L$1
androidx.work.impl.background.systemalarm.SystemAlarmDispatcher: java.lang.String TAG
io.ktor.websocket.WebSocketWriter: kotlinx.coroutines.channels.Channel queue
io.ktor.util.cio.ReadersJvmKt$pass$1: java.lang.Object L$2
io.ktor.utils.io.ByteBufferChannel$writeFullySuspend$5: java.lang.Object L$0
kotlinx.coroutines.flow.FlowKt__TransformKt$filterNotNull$$inlined$unsafeTransform$1$2: kotlinx.coroutines.flow.FlowCollector $this_unsafeFlow
kotlinx.serialization.descriptors.SerialDescriptorImpl: java.util.List[] elementAnnotations
kotlinx.coroutines.flow.internal.UndispatchedContextCollector$emitRef$1: java.lang.Object L$0
io.ktor.client.engine.okhttp.OkHttpEngine$executeWebSocketRequest$1: java.lang.Object L$3
io.ktor.utils.io.ByteBufferChannel: long totalBytesWritten
androidx.work.impl.WorkerUpdater$updateWorkImpl$type$1: androidx.work.impl.WorkerUpdater$updateWorkImpl$type$1 INSTANCE
kotlinx.coroutines.flow.FlowKt__BuildersKt$asFlow$$inlined$unsafeFlow$4$1: int label
androidx.work.impl.WorkDatabaseVersions: int VERSION_5
io.ktor.serialization.ContentConverterKt$deserialize$1: int label
androidx.work.R$bool: int enable_system_job_service_default
kotlinx.coroutines.channels.TickerChannelsKt$fixedPeriodTicker$1: long J$0
io.ktor.http.LinkHeader$Rel: java.lang.String Next
kotlin.coroutines.jvm.internal.BaseContinuationImpl: kotlin.coroutines.Continuation completion
io.ktor.utils.io.ConsumeEachKt$consumeEachBufferRange$1: int I$0
io.ktor.utils.io.ByteChannelSequentialBase$readShortSlow$1: int label
io.ktor.utils.io.jvm.javaio.InputAdapter$loop$1$loop$1: int label
kotlinx.coroutines.channels.ChannelsKt__Channels_commonKt$consumeEach$1: int label
io.ktor.utils.io.ByteChannelSequentialBase$readFullySuspend$2: int I$2
kotlinx.coroutines.flow.FlowKt__ZipKt$combine$1$1: java.lang.Object L$1