Agent/android/app/build/outputs/mapping/release/usage.txt
com.oamanager.agent.android.ui.SetupActivity$$InternalSyntheticLambda$1$2345d2ea20e01a2dec6749ec10635f9f8890a25b8b96d032e3cbe50867301f65$1
com.oamanager.agent.android.ui.SetupActivity$$InternalSyntheticLambda$1$2345d2ea20e01a2dec6749ec10635f9f8890a25b8b96d032e3cbe50867301f65$2
...
com.google.gson.internal.bind.JsonTreeWriter
com.google.gson.internal.bind.MapTypeAdapterFactory$Adapter
com.google.gson.internal.bind.MapTypeAdapterFactory
com.google.gson.internal.bind.NumberTypeAdapter$1
com.google.gson.internal.bind.NumberTypeAdapter$2
com.google.gson.internal.bind.NumberTypeAdapter
com.google.gson.internal.bind.ObjectTypeAdapter$1
com.google.gson.internal.bind.ObjectTypeAdapter$2
com.google.gson.internal.bind.ObjectTypeAdapter
com.google.gson.internal.bind.ReflectiveTypeAdapterFactory$1
com.google.gson.internal.bind.ReflectiveTypeAdapterFactory$Adapter
com.google.gson.internal.bind.ReflectiveTypeAdapterFactory$BoundField
com.google.gson.internal.bind.ReflectiveTypeAdapterFactory
com.google.gson.internal.bind.TreeTypeAdapter$1
com.google.gson.internal.bind.TreeTypeAdapter$GsonContextImpl
com.google.gson.internal.bind.TreeTypeAdapter$SingleTypeFactory
com.google.gson.internal.bind.TreeTypeAdapter
com.google.gson.internal.bind.TypeAdapterRuntimeTypeWrapper
com.google.gson.internal.bind.TypeAdapters$10
com.google.gson.internal.bind.TypeAdapters$11
com.google.gson.internal.bind.TypeAdapters$12
com.google.gson.internal.bind.TypeAdapters$13
com.google.gson.internal.bind.TypeAdapters$14
com.google.gson.internal.bind.TypeAdapters$15
com.google.gson.internal.bind.TypeAdapters$16
com.google.gson.internal.bind.TypeAdapters$17
com.google.gson.internal.bind.TypeAdapters$18
com.google.gson.internal.bind.TypeAdapters$19
com.google.gson.internal.bind.TypeAdapters$1
com.google.gson.internal.bind.TypeAdapters$20
com.google.gson.internal.bind.TypeAdapters$21
com.google.gson.internal.bind.TypeAdapters$22
com.google.gson.internal.bind.TypeAdapters$23
com.google.gson.internal.bind.TypeAdapters$24
com.google.gson.internal.bind.TypeAdapters$25
com.google.gson.internal.bind.TypeAdapters$26
com.google.gson.internal.bind.TypeAdapters$27
com.google.gson.internal.bind.TypeAdapters$28
com.google.gson.internal.bind.TypeAdapters$29
com.google.gson.internal.bind.TypeAdapters$2
com.google.gson.internal.bind.TypeAdapters$30
com.google.gson.internal.bind.TypeAdapters$31
com.google.gson.internal.bind.TypeAdapters$32
com.google.gson.internal.bind.TypeAdapters$33$1
com.google.gson.internal.bind.TypeAdapters$33
com.google.gson.internal.bind.TypeAdapters$34
com.google.gson.internal.bind.TypeAdapters$3
com.google.gson.internal.bind.TypeAdapters$4
com.google.gson.internal.bind.TypeAdapters$5
com.google.gson.internal.bind.TypeAdapters$6
com.google.gson.internal.bind.TypeAdapters$7
com.google.gson.internal.bind.TypeAdapters$8
com.google.gson.internal.bind.TypeAdapters$9
com.google.gson.internal.bind.TypeAdapters$EnumTypeAdapter$1
com.google.gson.internal.bind.TypeAdapters$EnumTypeAdapter
com.google.gson.internal.bind.TypeAdapters
com.google.gson.internal.bind.util.ISO8601Utils
com.google.gson.internal.reflect.PreJava9ReflectionAccessor
com.google.gson.internal.reflect.ReflectionAccessor
com.google.gson.internal.reflect.UnsafeReflectionAccessor
com.google.gson.internal.sql.SqlDateTypeAdapter$1
com.google.gson.internal.sql.SqlDateTypeAdapter
com.google.gson.internal.sql.SqlTimeTypeAdapter$1
com.google.gson.internal.sql.SqlTimeTypeAdapter
com.google.gson.internal.sql.SqlTimestampTypeAdapter$1
com.google.gson.internal.sql.SqlTimestampTypeAdapter
com.google.gson.internal.sql.SqlTypesSupport$1
com.google.gson.internal.sql.SqlTypesSupport$2
com.google.gson.internal.sql.SqlTypesSupport
com.google.gson.reflect.TypeToken
com.google.gson.stream.JsonReader$1
com.google.gson.stream.JsonReader
com.google.gson.stream.JsonScope
com.google.gson.stream.JsonToken
com.google.gson.stream.JsonWriter
com.google.gson.stream.MalformedJsonException
kotlin.ArrayIntrinsicsKt
kotlin.BuilderInference
kotlin.CharCodeJVMKt
kotlin.CharCodeKt
kotlin.CompareToKt
kotlin.ContextFunctionTypeParams